<?xml version="1.0" encoding="UTF-8"?>
<!-- Generated by org.testng.reporters.JUnitReportReporter -->
<testsuite hostname="MOHAMEDs-MBP" failures="0" tests="1" name="Tests.BuyIphone_test" time="2.279" errors="0" timestamp="2022-03-08T19:39:53 EET" skipped="0">
  <testcase classname="Tests.BuyIphone_test" name="Buy_Iphone" time="2.279"/>
  <system-out/>
</testsuite> <!-- Tests.BuyIphone_test -->
