<?xml version="1.0" encoding="UTF-8"?>
<!-- Generated by org.testng.reporters.JUnitReportReporter -->
<testsuite hostname="MOHAMEDs-MBP" failures="0" tests="1" name="Tests.Registeration_Test" time="5.970" errors="0" timestamp="2022-03-08T19:39:53 EET" skipped="0">
  <testcase classname="Tests.Registeration_Test" name="user_Registeration" time="5.970"/>
  <system-out/>
</testsuite> <!-- Tests.Registeration_Test -->
