<?xml version="1.0" encoding="UTF-8"?>
<!-- Generated by org.testng.reporters.JUnitReportReporter -->
<testsuite hostname="MOHAMEDs-MBP" failures="0" tests="1" name="Tests.BuyMacBook_Test" time="5.300" errors="0" timestamp="2022-03-08T19:39:53 EET" skipped="0">
  <testcase classname="Tests.BuyMacBook_Test" name="userBuy_MacBook" time="5.300"/>
  <system-out/>
</testsuite> <!-- Tests.BuyMacBook_Test -->
